[2026-04-21 14:04:26] [WebServer] Initializing server on EtherSite:8080
[2026-04-21 14:04:26] [WebServer] Root path: C:\Users\Kazuma\Desktop\EtherMVC
[2026-04-21 14:04:26] [WebServer] View path: C:\Users\Kazuma\Desktop\EtherMVC\View
[2026-04-21 14:04:26] [WebServer] Adding listener prefix: http://localhost:8080/
[2026-04-21 14:04:26] [WebServer] Attempting to start HttpListener...
[2026-04-21 14:04:26] [WebServer] HttpListener started successfully
[2026-04-21 14:04:26] ✅ [WebServer] Server started successfully!
[2026-04-21 14:04:26] 🌐 [WebServer] Access EtherSite at: EtherSite:8080
[2026-04-21 14:04:26] 📝 [WebServer] Waiting for requests...
[2026-04-21 14:04:27] 🌐 [Browser] Opening: EtherSite:8080
[2026-04-21 14:04:30] [Request] GET /Index.html
[2026-04-21 14:04:30] ✅ [Response] 200 OK - /Index.html
[2026-04-21 14:04:30] [Request] GET /bootstrap.css
[2026-04-21 14:04:30] ✅ [Response] 200 OK - /bootstrap.css
[2026-04-21 14:04:30] [Request] GET /theme/theme1/rendering.css
[2026-04-21 14:04:30] ✅ [Response] 200 OK - /theme/theme1/rendering.css
[2026-04-21 14:04:30] [Request] GET /Script.js
[2026-04-21 14:04:30] ✅ [Response] 200 OK - /Script.js
[2026-04-21 14:05:49] 🛑 [WebServer] Server stopping...
[2026-04-21 14:05:49] 🛑 [WebServer] Server stopping...
